<?xml version="1.0" encoding="UTF-8"?>
<!-- Generated by org.testng.reporters.JUnitReportReporter -->
<testsuite hostname="DESKTOP-3D2T8OP" failures="0" tests="3" name="datadrivenTesting.DataDrivenTest" time="25.020" errors="0" timestamp="2022-09-12T22:00:11 IST" skipped="0">
  <testcase classname="datadrivenTesting.DataDrivenTest" name="loginTest" time="5.267"/>
  <system-out/>
  <testcase classname="datadrivenTesting.DataDrivenTest" name="loginTest" time="17.701"/>
  <system-out/>
  <testcase classname="datadrivenTesting.DataDrivenTest" name="loginTest" time="2.052"/>
  <system-out/>
</testsuite> <!-- datadrivenTesting.DataDrivenTest -->
